Flutter crash report.
Please report a bug at https://github.com/flutter/flutter/issues.

## command

flutter --no-color pub get

## exception

FileSystemException: FileSystemException: Cannot open file, path = '/Users/dhawal/Documents/flutter/version' (OS Error: No such file or directory, errno = 2)

```
#0      _File.throwIfError (dart:io/file_impl.dart:635:7)
#1      _File.openSync (dart:io/file_impl.dart:479:5)
#2      _File.readAsBytesSync (dart:io/file_impl.dart:539:18)
#3      _File.readAsStringSync (dart:io/file_impl.dart:584:18)
#4      ForwardingFile.readAsStringSync (package:file/src/forwarding/forwarding_file.dart:96:16)
#5      ErrorHandlingFile.readAsStringSync.<anonymous closure> (package:flutter_tools/src/base/error_handling_io.dart:222:22)
#6      _runSync (package:flutter_tools/src/base/error_handling_io.dart:597:14)
#7      ErrorHandlingFile.readAsStringSync (package:flutter_tools/src/base/error_handling_io.dart:221:12)
#8      _DefaultPub.get (package:flutter_tools/src/dart/pub.dart:291:50)
<asynchronous suspension>
#9      PackagesGetCommand._runPubGet (package:flutter_tools/src/commands/packages.dart:141:7)
<asynchronous suspension>
#10     PackagesGetCommand.runCommand (package:flutter_tools/src/commands/packages.dart:176:5)
<asynchronous suspension>
#11     FlutterCommand.run.<anonymous closure> (package:flutter_tools/src/runner/flutter_command.dart:1194:27)
<asynchronous suspension>
#12     AppContext.run.<anonymous closure> (package:flutter_tools/src/base/context.dart:150:19)
<asynchronous suspension>
#13     CommandRunner.runCommand (package:args/command_runner.dart:209:13)
<asynchronous suspension>
#14     FlutterCommandRunner.runCommand.<anonymous closure> (package:flutter_tools/src/runner/flutter_command_runner.dart:281:9)
<asynchronous suspension>
#15     AppContext.run.<anonymous closure> (package:flutter_tools/src/base/context.dart:150:19)
<asynchronous suspension>
#16     FlutterCommandRunner.runCommand (package:flutter_tools/src/runner/flutter_command_runner.dart:229:5)
<asynchronous suspension>
#17     run.<anonymous closure>.<anonymous closure> (package:flutter_tools/runner.dart:62:9)
<asynchronous suspension>
#18     AppContext.run.<anonymous closure> (package:flutter_tools/src/base/context.dart:150:19)
<asynchronous suspension>
#19     main (package:flutter_tools/executable.dart:94:3)
<asynchronous suspension>
```

## flutter doctor

```
[☠] Flutter (the doctor check crashed)
    ✗ Due to an error, the doctor check did not complete. If the error message below is not helpful, please let us know about this issue at https://github.com/flutter/flutter/issues.
    ✗ Exception: Could not find directory at /Users/dhawal/Documents/flutter/bin/cache/dart-sdk/bin/resources/devtools
    • #0      Cache.devToolsVersion (package:flutter_tools/src/cache.dart:384:9)
      #1      _DefaultDoctorValidatorsProvider.validators.<anonymous closure> (package:flutter_tools/src/doctor.dart:99:46)
      #2      FlutterValidator.validate (package:flutter_tools/src/doctor.dart:494:84)
      #3      Doctor.startValidatorTasks.<anonymous closure> (package:flutter_tools/src/doctor.dart:216:72)
      #4      asyncGuard.<anonymous closure> (package:flutter_tools/src/base/async_guard.dart:111:32)
      #5      asyncGuard.<anonymous closure> (package:flutter_tools/src/base/async_guard.dart:109:18)
      #6      _rootRun (dart:async/zone.dart:1426:13)
      #7      _CustomZone.run (dart:async/zone.dart:1328:19)
      #8      _runZoned (dart:async/zone.dart:1861:10)
      #9      runZonedGuarded (dart:async/zone.dart:1849:12)
      #10     runZoned (dart:async/zone.dart:1780:12)
      #11     asyncGuard (package:flutter_tools/src/base/async_guard.dart:109:3)
      #12     Doctor.startValidatorTasks (package:flutter_tools/src/doctor.dart:208:9)
      #13     DoctorText._validatorTasks (package:flutter_tools/src/doctor.dart:610:60)
      #14     DoctorText._validatorTasks (package:flutter_tools/src/doctor.dart)
      #15     DoctorText._runDiagnosis (package:flutter_tools/src/doctor.dart:614:71)
      #16     DoctorText.text (package:flutter_tools/src/doctor.dart:606:36)
      #17     DoctorText.text (package:flutter_tools/src/doctor.dart)
      #18     _createLocalCrashReport (package:flutter_tools/runner.dart:209:51)
      #19     _handleToolError (package:flutter_tools/runner.dart:165:31)
      <asynchronous suspension>
      #20     AppContext.run.<anonymous closure> (package:flutter_tools/src/base/context.dart:150:19)
      <asynchronous suspension>
      #21     main (package:flutter_tools/executable.dart:94:3)
      <asynchronous suspension>


[✓] Android toolchain - develop for Android devices (Android SDK version 30.0.3)
    • Android SDK at /Users/dhawal/Library/Android/sdk
    • Platform android-31, build-tools 30.0.3
    • Java binary at: /Applications/Android Studio.app/Contents/jre/Contents/Home/bin/java
    • Java version OpenJDK Runtime Environment (build 11.0.11+0-b60-7772763)
    • All Android licenses accepted.

[!] Xcode - develop for iOS and macOS (Xcode 13.3.1)
    • Xcode at /Applications/Xcode.app/Contents/Developer
    ! CocoaPods 1.10.1 out of date (1.11.0 is recommended).
        CocoaPods is used to retrieve the iOS and macOS platform side's plugin code that responds to your plugin usage on the Dart side.
        Without CocoaPods, plugins will not work on iOS or macOS.
        For more info, see https://flutter.dev/platform-plugins
      To upgrade see https://guides.cocoapods.org/using/getting-started.html#installation for instructions.

[✓] Chrome - develop for the web
    • Chrome at /Applications/Google Chrome.app/Contents/MacOS/Google Chrome

[✓] Android Studio (version 2021.1)
    • Android Studio at /Applications/Android Studio.app/Contents
    • Flutter plugin can be installed from:
      🔨 https://plugins.jetbrains.com/plugin/9212-flutter
    • Dart plugin can be installed from:
      🔨 https://plugins.jetbrains.com/plugin/6351-dart
    • Java version OpenJDK Runtime Environment (build 11.0.11+0-b60-7772763)

[✓] VS Code (version 1.64.2)
    • VS Code at /Users/dhawal/Downloads/Visual Studio Code 2.app/Contents
    • Flutter extension can be installed from:
      🔨 https://marketplace.visualstudio.com/items?itemName=Dart-Code.flutter

[✓] VS Code (version 1.63.2)
    • VS Code at /Users/dhawal/Downloads/Visual Studio Code.app/Contents
    • Flutter extension can be installed from:
      🔨 https://marketplace.visualstudio.com/items?itemName=Dart-Code.flutter

[✓] Connected device (3 available)
    • Dhawal’s iPhone (mobile) • 00008030-000E49C80C43802E • ios            • iOS 15.4.1 19E258
    • macOS (desktop)          • macos                     • darwin-arm64   • macOS 12.3.1 21E258 darwin-arm
    • Chrome (web)             • chrome                    • web-javascript • Google Chrome 100.0.4896.127
    ! Error: Dhawal’s iPhone is busy: Preparing the watch for development via Dhawal’s iPhone. Xcode will continue when Dhawal’s iPhone is finished. (code -10)

[✓] HTTP Host Availability
    • All required HTTP hosts are available

! Doctor found issues in 2 categories.
```
